<?xml version="1.0" encoding="UTF-8"?>
<testng-results ignored="0" total="9" passed="9" failed="0" skipped="0">
  <reporter-output>
  </reporter-output>
  <suite started-at="2026-05-13T17:17:32 IST" name="Default suite" finished-at="2026-05-13T17:17:50 IST" duration-ms="18016">
    <groups>
    </groups>
    <test started-at="2026-05-13T17:17:32 IST" name="Default test" finished-at="2026-05-13T17:17:50 IST" duration-ms="18016">
      <class name="com.cjc.dsw.webapp.testCase.TestCases">
        <test-method is-config="true" signature="openBrowser()[pri:0, instance:com.cjc.dsw.webapp.testCase.TestCases@4c12331b]" started-at="2026-05-13T17:17:28 IST" name="openBrowser" finished-at="2026-05-13T17:17:32 IST" duration-ms="3562" status="PASS">
          <reporter-output>
          </reporter-output>
        </test-method> <!-- openBrowser -->
        <test-method is-config="true" signature="enterURL()[pri:0, instance:com.cjc.dsw.webapp.testCase.TestCases@4c12331b]" started-at="2026-05-13T17:17:32 IST" name="enterURL" finished-at="2026-05-13T17:17:35 IST" duration-ms="2774" status="PASS">
          <reporter-output>
          </reporter-output>
        </test-method> <!-- enterURL -->
        <test-method is-config="true" signature="maximize()[pri:0, instance:com.cjc.dsw.webapp.testCase.TestCases@4c12331b]" started-at="2026-05-13T17:17:35 IST" name="maximize" finished-at="2026-05-13T17:17:35 IST" duration-ms="1" status="PASS">
          <reporter-output>
          </reporter-output>
        </test-method> <!-- maximize -->
        <test-method is-config="true" signature="DBConnection()[pri:0, instance:com.cjc.dsw.webapp.testCase.TestCases@4c12331b]" started-at="2026-05-13T17:17:35 IST" name="DBConnection" finished-at="2026-05-13T17:17:35 IST" duration-ms="1" status="PASS">
          <reporter-output>
          </reporter-output>
        </test-method> <!-- DBConnection -->
        <test-method signature="Registration()[pri:1, instance:com.cjc.dsw.webapp.testCase.TestCases@4c12331b]" started-at="2026-05-13T17:17:35 IST" name="Registration" finished-at="2026-05-13T17:17:42 IST" duration-ms="7192" status="PASS">
          <reporter-output>
          </reporter-output>
        </test-method> <!-- Registration -->
        <test-method is-config="true" signature="DBConnection()[pri:0, instance:com.cjc.dsw.webapp.testCase.TestCases@4c12331b]" started-at="2026-05-13T17:17:42 IST" name="DBConnection" finished-at="2026-05-13T17:17:42 IST" duration-ms="1" status="PASS">
          <reporter-output>
          </reporter-output>
        </test-method> <!-- DBConnection -->
        <test-method signature="Book()[pri:2, instance:com.cjc.dsw.webapp.testCase.TestCases@4c12331b]" started-at="2026-05-13T17:17:42 IST" name="Book" finished-at="2026-05-13T17:17:43 IST" duration-ms="1406" status="PASS">
          <reporter-output>
          </reporter-output>
        </test-method> <!-- Book -->
        <test-method is-config="true" signature="DBConnection()[pri:0, instance:com.cjc.dsw.webapp.testCase.TestCases@4c12331b]" started-at="2026-05-13T17:17:43 IST" name="DBConnection" finished-at="2026-05-13T17:17:43 IST" duration-ms="0" status="PASS">
          <reporter-output>
          </reporter-output>
        </test-method> <!-- DBConnection -->
        <test-method signature="ShoppingCartP()[pri:3, instance:com.cjc.dsw.webapp.testCase.TestCases@4c12331b]" started-at="2026-05-13T17:17:43 IST" name="ShoppingCartP" finished-at="2026-05-13T17:17:46 IST" duration-ms="2961" status="PASS">
          <reporter-output>
          </reporter-output>
        </test-method> <!-- ShoppingCartP -->
        <test-method is-config="true" signature="DBConnection()[pri:0, instance:com.cjc.dsw.webapp.testCase.TestCases@4c12331b]" started-at="2026-05-13T17:17:46 IST" name="DBConnection" finished-at="2026-05-13T17:17:46 IST" duration-ms="1" status="PASS">
          <reporter-output>
          </reporter-output>
        </test-method> <!-- DBConnection -->
        <test-method signature="Billingaddress()[pri:4, instance:com.cjc.dsw.webapp.testCase.TestCases@4c12331b]" started-at="2026-05-13T17:17:46 IST" name="Billingaddress" finished-at="2026-05-13T17:17:47 IST" duration-ms="982" status="PASS">
          <reporter-output>
          </reporter-output>
        </test-method> <!-- Billingaddress -->
        <test-method is-config="true" signature="DBConnection()[pri:0, instance:com.cjc.dsw.webapp.testCase.TestCases@4c12331b]" started-at="2026-05-13T17:17:47 IST" name="DBConnection" finished-at="2026-05-13T17:17:47 IST" duration-ms="0" status="PASS">
          <reporter-output>
          </reporter-output>
        </test-method> <!-- DBConnection -->
        <test-method signature="Shippingaddress()[pri:5, instance:com.cjc.dsw.webapp.testCase.TestCases@4c12331b]" started-at="2026-05-13T17:17:47 IST" name="Shippingaddress" finished-at="2026-05-13T17:17:49 IST" duration-ms="1355" status="PASS">
          <reporter-output>
          </reporter-output>
        </test-method> <!-- Shippingaddress -->
        <test-method is-config="true" signature="DBConnection()[pri:0, instance:com.cjc.dsw.webapp.testCase.TestCases@4c12331b]" started-at="2026-05-13T17:17:49 IST" name="DBConnection" finished-at="2026-05-13T17:17:49 IST" duration-ms="0" status="PASS">
          <reporter-output>
          </reporter-output>
        </test-method> <!-- DBConnection -->
        <test-method signature="Paymentmethod()[pri:6, instance:com.cjc.dsw.webapp.testCase.TestCases@4c12331b]" started-at="2026-05-13T17:17:49 IST" name="Paymentmethod" finished-at="2026-05-13T17:17:49 IST" duration-ms="360" status="PASS">
          <reporter-output>
          </reporter-output>
        </test-method> <!-- Paymentmethod -->
        <test-method is-config="true" signature="DBConnection()[pri:0, instance:com.cjc.dsw.webapp.testCase.TestCases@4c12331b]" started-at="2026-05-13T17:17:49 IST" name="DBConnection" finished-at="2026-05-13T17:17:49 IST" duration-ms="1" status="PASS">
          <reporter-output>
          </reporter-output>
        </test-method> <!-- DBConnection -->
        <test-method signature="Paymentinformation()[pri:7, instance:com.cjc.dsw.webapp.testCase.TestCases@4c12331b]" started-at="2026-05-13T17:17:49 IST" name="Paymentinformation" finished-at="2026-05-13T17:17:50 IST" duration-ms="382" status="PASS">
          <reporter-output>
          </reporter-output>
        </test-method> <!-- Paymentinformation -->
        <test-method is-config="true" signature="DBConnection()[pri:0, instance:com.cjc.dsw.webapp.testCase.TestCases@4c12331b]" started-at="2026-05-13T17:17:50 IST" name="DBConnection" finished-at="2026-05-13T17:17:50 IST" duration-ms="1" status="PASS">
          <reporter-output>
          </reporter-output>
        </test-method> <!-- DBConnection -->
        <test-method signature="Confirmorder()[pri:8, instance:com.cjc.dsw.webapp.testCase.TestCases@4c12331b]" started-at="2026-05-13T17:17:50 IST" name="Confirmorder" finished-at="2026-05-13T17:17:50 IST" duration-ms="410" status="PASS">
          <reporter-output>
          </reporter-output>
        </test-method> <!-- Confirmorder -->
        <test-method is-config="true" signature="DBConnection()[pri:0, instance:com.cjc.dsw.webapp.testCase.TestCases@4c12331b]" started-at="2026-05-13T17:17:50 IST" name="DBConnection" finished-at="2026-05-13T17:17:50 IST" duration-ms="1" status="PASS">
          <reporter-output>
          </reporter-output>
        </test-method> <!-- DBConnection -->
        <test-method signature="SucessfullyConfirmOrder()[pri:9, instance:com.cjc.dsw.webapp.testCase.TestCases@4c12331b]" started-at="2026-05-13T17:17:50 IST" name="SucessfullyConfirmOrder" finished-at="2026-05-13T17:17:50 IST" duration-ms="6" status="PASS">
          <reporter-output>
          </reporter-output>
        </test-method> <!-- SucessfullyConfirmOrder -->
      </class> <!-- com.cjc.dsw.webapp.testCase.TestCases -->
    </test> <!-- Default test -->
  </suite> <!-- Default suite -->
</testng-results>
