<?xml version="1.0" encoding="UTF-8"?>
<!-- Generated by org.testng.reporters.JUnitReportReporter -->
<testsuite hostname="DESKTOP-99JHM0J" failures="0" tests="9" name="com.cjc.dsw.webapp.testCase.TestCases" time="15.060" errors="0" timestamp="2026-05-13T17:17:50 IST" skipped="0">
  <testcase classname="com.cjc.dsw.webapp.testCase.TestCases" name="Registration" time="7.192"/>
  <system-out/>
  <testcase classname="com.cjc.dsw.webapp.testCase.TestCases" name="Book" time="1.406"/>
  <system-out/>
  <testcase classname="com.cjc.dsw.webapp.testCase.TestCases" name="ShoppingCartP" time="2.962"/>
  <system-out/>
  <testcase classname="com.cjc.dsw.webapp.testCase.TestCases" name="Billingaddress" time="0.983"/>
  <system-out/>
  <testcase classname="com.cjc.dsw.webapp.testCase.TestCases" name="Shippingaddress" time="1.356"/>
  <system-out/>
  <testcase classname="com.cjc.dsw.webapp.testCase.TestCases" name="Paymentmethod" time="0.361"/>
  <system-out/>
  <testcase classname="com.cjc.dsw.webapp.testCase.TestCases" name="Paymentinformation" time="0.383"/>
  <system-out/>
  <testcase classname="com.cjc.dsw.webapp.testCase.TestCases" name="Confirmorder" time="0.410"/>
  <system-out/>
  <testcase classname="com.cjc.dsw.webapp.testCase.TestCases" name="SucessfullyConfirmOrder" time="0.007"/>
  <system-out/>
</testsuite> <!-- com.cjc.dsw.webapp.testCase.TestCases -->
