<?xml version="1.0" encoding="UTF-8"?>
<!-- Generated by org.testng.reporters.JUnitXMLReporter -->
<testsuite ignored="0" hostname="DESKTOP-99JHM0J" failures="0" tests="9" name="Default test" time="18.016" errors="0" timestamp="2026-05-13T17:17:50 IST">
  <testcase classname="com.cjc.dsw.webapp.testCase.TestCases" name="Registration" time="7.192"/>
  <testcase classname="com.cjc.dsw.webapp.testCase.TestCases" name="Book" time="1.406"/>
  <testcase classname="com.cjc.dsw.webapp.testCase.TestCases" name="ShoppingCartP" time="2.961"/>
  <testcase classname="com.cjc.dsw.webapp.testCase.TestCases" name="Billingaddress" time="0.982"/>
  <testcase classname="com.cjc.dsw.webapp.testCase.TestCases" name="Shippingaddress" time="1.355"/>
  <testcase classname="com.cjc.dsw.webapp.testCase.TestCases" name="Paymentmethod" time="0.36"/>
  <testcase classname="com.cjc.dsw.webapp.testCase.TestCases" name="Paymentinformation" time="0.382"/>
  <testcase classname="com.cjc.dsw.webapp.testCase.TestCases" name="Confirmorder" time="0.41"/>
  <testcase classname="com.cjc.dsw.webapp.testCase.TestCases" name="SucessfullyConfirmOrder" time="0.006"/>
</testsuite> <!-- Default test -->
